{"level":40,"time":1772521207450,"pid":32720,"hostname":"BongoDesk","msg":"JWT_SECRET not set - using auto-generated secret. Set JWT_SECRET environment variable to persist sessions across restarts."}
{"level":40,"time":1772521207474,"pid":29536,"hostname":"BongoDesk","msg":"JWT_SECRET not set - using auto-generated secret. Set JWT_SECRET environment variable to persist sessions across restarts."}
{"level":40,"time":1772521207397,"pid":32124,"hostname":"BongoDesk","msg":"JWT_SECRET not set - using auto-generated secret. Set JWT_SECRET environment variable to persist sessions across restarts."}
{"level":40,"time":1772521207399,"pid":31724,"hostname":"BongoDesk","msg":"JWT_SECRET not set - using auto-generated secret. Set JWT_SECRET environment variable to persist sessions across restarts."}
{"level":40,"time":1772521207431,"pid":31580,"hostname":"BongoDesk","msg":"JWT_SECRET not set - using auto-generated secret. Set JWT_SECRET environment variable to persist sessions across restarts."}
{"level":40,"time":1772521207423,"pid":30672,"hostname":"BongoDesk","msg":"JWT_SECRET not set - using auto-generated secret. Set JWT_SECRET environment variable to persist sessions across restarts."}
{"level":40,"time":1772521207430,"pid":31264,"hostname":"BongoDesk","msg":"JWT_SECRET not set - using auto-generated secret. Set JWT_SECRET environment variable to persist sessions across restarts."}
{"level":40,"time":1772521207450,"pid":32396,"hostname":"BongoDesk","msg":"JWT_SECRET not set - using auto-generated secret. Set JWT_SECRET environment variable to persist sessions across restarts."}
{"level":40,"time":1772521207430,"pid":31252,"hostname":"BongoDesk","msg":"JWT_SECRET not set - using auto-generated secret. Set JWT_SECRET environment variable to persist sessions across restarts."}
{"level":40,"time":1772521207441,"pid":28644,"hostname":"BongoDesk","msg":"JWT_SECRET not set - using auto-generated secret. Set JWT_SECRET environment variable to persist sessions across restarts."}
{"level":40,"time":1772521207460,"pid":29796,"hostname":"BongoDesk","msg":"JWT_SECRET not set - using auto-generated secret. Set JWT_SECRET environment variable to persist sessions across restarts."}
{"level":40,"time":1772521207452,"pid":27988,"hostname":"BongoDesk","msg":"JWT_SECRET not set - using auto-generated secret. Set JWT_SECRET environment variable to persist sessions across restarts."}
{"level":40,"time":1772521207470,"pid":30128,"hostname":"BongoDesk","msg":"JWT_SECRET not set - using auto-generated secret. Set JWT_SECRET environment variable to persist sessions across restarts."}
{"level":40,"time":1772521207458,"pid":30024,"hostname":"BongoDesk","msg":"JWT_SECRET not set - using auto-generated secret. Set JWT_SECRET environment variable to persist sessions across restarts."}
{"level":40,"time":1772521207458,"pid":28692,"hostname":"BongoDesk","msg":"JWT_SECRET not set - using auto-generated secret. Set JWT_SECRET environment variable to persist sessions across restarts."}
{"level":40,"time":1772521207487,"pid":2300,"hostname":"BongoDesk","msg":"JWT_SECRET not set - using auto-generated secret. Set JWT_SECRET environment variable to persist sessions across restarts."}
{"level":40,"time":1772521207461,"pid":24804,"hostname":"BongoDesk","msg":"JWT_SECRET not set - using auto-generated secret. Set JWT_SECRET environment variable to persist sessions across restarts."}
{"level":40,"time":1772521207482,"pid":31736,"hostname":"BongoDesk","msg":"JWT_SECRET not set - using auto-generated secret. Set JWT_SECRET environment variable to persist sessions across restarts."}
{"level":40,"time":1772521207460,"pid":32228,"hostname":"BongoDesk","msg":"JWT_SECRET not set - using auto-generated secret. Set JWT_SECRET environment variable to persist sessions across restarts."}
{"level":40,"time":1772521207434,"pid":11012,"hostname":"BongoDesk","msg":"JWT_SECRET not set - using auto-generated secret. Set JWT_SECRET environment variable to persist sessions across restarts."}
{"level":40,"time":1772521207472,"pid":3328,"hostname":"BongoDesk","msg":"JWT_SECRET not set - using auto-generated secret. Set JWT_SECRET environment variable to persist sessions across restarts."}
{"level":40,"time":1772521207488,"pid":32460,"hostname":"BongoDesk","msg":"JWT_SECRET not set - using auto-generated secret. Set JWT_SECRET environment variable to persist sessions across restarts."}
{"level":40,"time":1772521207480,"pid":25560,"hostname":"BongoDesk","msg":"JWT_SECRET not set - using auto-generated secret. Set JWT_SECRET environment variable to persist sessions across restarts."}
{"level":40,"time":1772521207483,"pid":30820,"hostname":"BongoDesk","msg":"JWT_SECRET not set - using auto-generated secret. Set JWT_SECRET environment variable to persist sessions across restarts."}
{"level":40,"time":1772521207492,"pid":25504,"hostname":"BongoDesk","msg":"JWT_SECRET not set - using auto-generated secret. Set JWT_SECRET environment variable to persist sessions across restarts."}
{"level":40,"time":1772521207493,"pid":30292,"hostname":"BongoDesk","msg":"JWT_SECRET not set - using auto-generated secret. Set JWT_SECRET environment variable to persist sessions across restarts."}
{"level":40,"time":1772521207489,"pid":29628,"hostname":"BongoDesk","msg":"JWT_SECRET not set - using auto-generated secret. Set JWT_SECRET environment variable to persist sessions across restarts."}
{"level":40,"time":1772521207524,"pid":26956,"hostname":"BongoDesk","msg":"JWT_SECRET not set - using auto-generated secret. Set JWT_SECRET environment variable to persist sessions across restarts."}
{"level":40,"time":1772521207466,"pid":32688,"hostname":"BongoDesk","msg":"JWT_SECRET not set - using auto-generated secret. Set JWT_SECRET environment variable to persist sessions across restarts."}
{"level":40,"time":1772521232416,"pid":33592,"hostname":"BongoDesk","msg":"JWT_SECRET not set - using auto-generated secret. Set JWT_SECRET environment variable to persist sessions across restarts."}
{"level":50,"time":1772521248720,"pid":33592,"hostname":"BongoDesk","error":{"type":"Error","message":"Invalid or expired token","stack":"Error: Invalid or expired token\n    at l (C:\\Vibing\\bongo-mimirr\\.next\\server\\app\\api\\auth\\login\\route.js:1:12423)\n    at h (C:\\Vibing\\bongo-mimirr\\.next\\server\\app\\api\\auth\\login\\route.js:1:3519)\n    at i (C:\\Vibing\\bongo-mimirr\\.next\\server\\app\\api\\auth\\session\\route.js:1:15579)\n    at AsyncLocalStorage.run (node:internal/async_local_storage/async_context_frame:59:14)\n    at rN.do (C:\\Vibing\\bongo-mimirr\\node_modules\\next\\dist\\compiled\\next-server\\app-route.runtime.prod.js:5:21072)\n    at C:\\Vibing\\bongo-mimirr\\node_modules\\next\\dist\\compiled\\next-server\\app-route.runtime.prod.js:5:27868\n    at C:\\Vibing\\bongo-mimirr\\node_modules\\next\\dist\\server\\lib\\trace\\tracer.js:170:36\n    at NoopContextManager.with (C:\\Vibing\\bongo-mimirr\\node_modules\\next\\dist\\compiled\\@opentelemetry\\api\\index.js:1:7062)\n    at ContextAPI.with (C:\\Vibing\\bongo-mimirr\\node_modules\\next\\dist\\compiled\\@opentelemetry\\api\\index.js:1:518)\n    at NoopTracer.startActiveSpan (C:\\Vibing\\bongo-mimirr\\node_modules\\next\\dist\\compiled\\@opentelemetry\\api\\index.js:1:18093)"},"msg":"JWT verification failed"}
{"level":30,"time":1772521248727,"pid":33592,"hostname":"BongoDesk","reqId":"6SX8rSXwqN","msg":"Incoming GET /api/setup"}
{"level":30,"time":1772521248733,"pid":33592,"hostname":"BongoDesk","reqId":"6SX8rSXwqN","msg":"Completed GET /api/setup - 200 in 6ms"}
{"level":30,"time":1772521248780,"pid":33592,"hostname":"BongoDesk","reqId":"UO8HQ8Zo_U","msg":"Incoming GET /api/setup"}
{"level":30,"time":1772521248781,"pid":33592,"hostname":"BongoDesk","reqId":"UO8HQ8Zo_U","msg":"Completed GET /api/setup - 200 in 1ms"}
{"level":30,"time":1772521253319,"pid":33592,"hostname":"BongoDesk","userId":1,"username":"bongo","msg":"User logged in"}
{"level":30,"time":1772521253344,"pid":33592,"hostname":"BongoDesk","reqId":"pzK79zgiSE","msg":"Incoming GET /api/setup"}
{"level":30,"time":1772521253345,"pid":33592,"hostname":"BongoDesk","reqId":"pzK79zgiSE","msg":"Completed GET /api/setup - 200 in 1ms"}
{"level":50,"time":1772521253348,"pid":33592,"hostname":"BongoDesk","error":{"type":"Error","message":"Invalid or expired token","stack":"Error: Invalid or expired token\n    at l (C:\\Vibing\\bongo-mimirr\\.next\\server\\app\\api\\auth\\login\\route.js:1:12423)\n    at h (C:\\Vibing\\bongo-mimirr\\.next\\server\\app\\api\\auth\\login\\route.js:1:3519)\n    at i (C:\\Vibing\\bongo-mimirr\\.next\\server\\app\\api\\auth\\session\\route.js:1:15579)\n    at AsyncLocalStorage.run (node:internal/async_local_storage/async_context_frame:59:14)\n    at rN.do (C:\\Vibing\\bongo-mimirr\\node_modules\\next\\dist\\compiled\\next-server\\app-route.runtime.prod.js:5:21072)\n    at C:\\Vibing\\bongo-mimirr\\node_modules\\next\\dist\\compiled\\next-server\\app-route.runtime.prod.js:5:27868\n    at C:\\Vibing\\bongo-mimirr\\node_modules\\next\\dist\\server\\lib\\trace\\tracer.js:170:36\n    at NoopContextManager.with (C:\\Vibing\\bongo-mimirr\\node_modules\\next\\dist\\compiled\\@opentelemetry\\api\\index.js:1:7062)\n    at ContextAPI.with (C:\\Vibing\\bongo-mimirr\\node_modules\\next\\dist\\compiled\\@opentelemetry\\api\\index.js:1:518)\n    at NoopTracer.startActiveSpan (C:\\Vibing\\bongo-mimirr\\node_modules\\next\\dist\\compiled\\@opentelemetry\\api\\index.js:1:18093)"},"msg":"JWT verification failed"}
{"level":30,"time":1772521253367,"pid":33592,"hostname":"BongoDesk","reqId":"DsylCGa_hQ","msg":"Incoming GET /api/setup"}
{"level":30,"time":1772521253368,"pid":33592,"hostname":"BongoDesk","reqId":"DsylCGa_hQ","msg":"Completed GET /api/setup - 200 in 1ms"}
{"level":30,"time":1772521260530,"pid":33592,"hostname":"BongoDesk","userId":1,"username":"bongo","msg":"User logged in"}
{"level":30,"time":1772521260552,"pid":33592,"hostname":"BongoDesk","reqId":"fKStReIpbF","msg":"Incoming GET /api/setup"}
{"level":30,"time":1772521260553,"pid":33592,"hostname":"BongoDesk","reqId":"fKStReIpbF","msg":"Completed GET /api/setup - 200 in 1ms"}
{"level":50,"time":1772521260556,"pid":33592,"hostname":"BongoDesk","error":{"type":"Error","message":"Invalid or expired token","stack":"Error: Invalid or expired token\n    at l (C:\\Vibing\\bongo-mimirr\\.next\\server\\app\\api\\auth\\login\\route.js:1:12423)\n    at h (C:\\Vibing\\bongo-mimirr\\.next\\server\\app\\api\\auth\\login\\route.js:1:3519)\n    at i (C:\\Vibing\\bongo-mimirr\\.next\\server\\app\\api\\auth\\session\\route.js:1:15579)\n    at AsyncLocalStorage.run (node:internal/async_local_storage/async_context_frame:59:14)\n    at rN.do (C:\\Vibing\\bongo-mimirr\\node_modules\\next\\dist\\compiled\\next-server\\app-route.runtime.prod.js:5:21072)\n    at C:\\Vibing\\bongo-mimirr\\node_modules\\next\\dist\\compiled\\next-server\\app-route.runtime.prod.js:5:27868\n    at C:\\Vibing\\bongo-mimirr\\node_modules\\next\\dist\\server\\lib\\trace\\tracer.js:170:36\n    at NoopContextManager.with (C:\\Vibing\\bongo-mimirr\\node_modules\\next\\dist\\compiled\\@opentelemetry\\api\\index.js:1:7062)\n    at ContextAPI.with (C:\\Vibing\\bongo-mimirr\\node_modules\\next\\dist\\compiled\\@opentelemetry\\api\\index.js:1:518)\n    at NoopTracer.startActiveSpan (C:\\Vibing\\bongo-mimirr\\node_modules\\next\\dist\\compiled\\@opentelemetry\\api\\index.js:1:18093)"},"msg":"JWT verification failed"}
{"level":30,"time":1772521260572,"pid":33592,"hostname":"BongoDesk","reqId":"FTt2yJXpzO","msg":"Incoming GET /api/setup"}
{"level":30,"time":1772521260573,"pid":33592,"hostname":"BongoDesk","reqId":"FTt2yJXpzO","msg":"Completed GET /api/setup - 200 in 1ms"}
